2024-07-27 13:03:07 [INFO ] [Browser] - [startBrowser] Selected Browser is: chrome
2024-07-27 13:03:14 [INFO ] [Browser] - [takeScreenshot] Exception has Occured while taking screenshot
2024-07-27 13:03:14 [INFO ] [Base] - [closeBrowser] Scenario Completed: Verify whether the user is able to register into the application by providing all the fields
2024-07-27 13:03:14 [INFO ] [Base] - [closeBrowser] Scenario Status is: failed
2024-07-27 14:12:16 [INFO ] [Hooks] - [setUp] Scenario Started: Verify whether the user is able to register into the application by providing all the fields
2024-07-27 14:12:16 [INFO ] [Browser] - [startBrowser] Selected Browser is: chrome
2024-07-27 14:12:21 [INFO ] [Browser] - [takeScreenshot] Exception has Occured while taking screenshot
2024-07-27 14:12:21 [INFO ] [Hooks] - [closeBrowser] Scenario Completed: Verify whether the user is able to register into the application by providing all the fields
2024-07-27 14:12:21 [INFO ] [Hooks] - [closeBrowser] Scenario Status is: failed
2024-07-28 12:25:38 [INFO ] [Hooks] - [setUp] Scenario Started: Verify whether the user is able to register into the application by providing all the fields
2024-07-28 12:25:38 [INFO ] [Browser] - [startBrowser] Selected Browser is: chrome
2024-07-28 12:25:41 [INFO ] [Browser] - [takeScreenshot] Exception has Occured while taking screenshot
2024-07-28 12:25:41 [INFO ] [Hooks] - [closeBrowser] Scenario Completed: Verify whether the user is able to register into the application by providing all the fields
2024-07-28 12:25:41 [INFO ] [Hooks] - [closeBrowser] Scenario Status is: failed
2024-07-28 12:37:47 [INFO ] [Hooks] - [setUp] Scenario Started: Verify whether the user is able to register into the application by providing all the fields
2024-07-28 12:37:47 [INFO ] [Browser] - [startBrowser] Selected Browser is: chrome
2024-07-28 12:37:53 [INFO ] [Browser] - [startBrowser] Chrome Browser is Started1161644395
2024-07-28 12:37:54 [INFO ] [Hooks] - [closeBrowser] Scenario Completed: Verify whether the user is able to register into the application by providing all the fields
2024-07-28 12:37:54 [INFO ] [Hooks] - [closeBrowser] Scenario Status is: failed
2024-07-28 12:51:26 [INFO ] [Hooks] - [setUp] Scenario Started: Verify whether the user is able to register into the application by providing all the fields
2024-07-28 12:51:26 [INFO ] [Browser] - [startBrowser] Selected Browser is: chrome
2024-07-28 12:51:28 [INFO ] [Browser] - [startBrowser] Chrome Browser is Started915233792
2024-07-28 12:51:28 [INFO ] [Hooks] - [closeBrowser] Scenario Completed: Verify whether the user is able to register into the application by providing all the fields
2024-07-28 12:51:28 [INFO ] [Hooks] - [closeBrowser] Scenario Status is: failed
2024-07-28 12:55:06 [INFO ] [Hooks] - [setUp] Scenario Started: Verify whether the user is able to register into the application by providing all the fields
2024-07-28 12:55:06 [INFO ] [Browser] - [startBrowser] Selected Browser is: chrome
2024-07-28 12:55:07 [INFO ] [Browser] - [startBrowser] Chrome Browser is Started1842952737
2024-07-28 12:55:07 [INFO ] [Hooks] - [closeBrowser] Scenario Completed: Verify whether the user is able to register into the application by providing all the fields
2024-07-28 12:55:07 [INFO ] [Hooks] - [closeBrowser] Scenario Status is: failed
2024-07-28 13:16:05 [INFO ] [Hooks] - [setUp] Scenario Started: Verify whether the user is able to register into the application by providing all the fields
2024-07-28 13:16:05 [INFO ] [Browser] - [startBrowser] Selected Browser is: chrome
2024-07-28 13:16:06 [INFO ] [Browser] - [startBrowser] Chrome Browser is Started809520570
2024-07-28 13:16:06 [INFO ] [Hooks] - [closeBrowser] Scenario Completed: Verify whether the user is able to register into the application by providing all the fields
2024-07-28 13:16:06 [INFO ] [Hooks] - [closeBrowser] Scenario Status is: failed
2024-07-28 13:17:23 [INFO ] [Hooks] - [setUp] Scenario Started: Verify whether the user is able to register into the application by providing all the fields
2024-07-28 13:17:23 [INFO ] [Browser] - [startBrowser] Selected Browser is: chrome
2024-07-28 13:17:24 [INFO ] [Browser] - [startBrowser] Chrome Browser is Started923360749
2024-07-28 13:17:24 [INFO ] [Hooks] - [closeBrowser] Scenario Completed: Verify whether the user is able to register into the application by providing all the fields
2024-07-28 13:17:24 [INFO ] [Hooks] - [closeBrowser] Scenario Status is: failed
2024-07-28 13:17:51 [INFO ] [Hooks] - [setUp] Scenario Started: Verify whether the user is able to register into the application by providing all the fields
2024-07-28 13:17:51 [INFO ] [Browser] - [startBrowser] Selected Browser is: chrome
2024-07-28 13:17:52 [INFO ] [Browser] - [startBrowser] Chrome Browser is Started783785150
2024-07-28 13:17:53 [INFO ] [Hooks] - [closeBrowser] Scenario Completed: Verify whether the user is able to register into the application by providing all the fields
2024-07-28 13:17:53 [INFO ] [Hooks] - [closeBrowser] Scenario Status is: failed
2024-07-28 13:20:26 [INFO ] [Hooks] - [setUp] Scenario Started: Verify whether the user is able to register into the application by providing all the fields
2024-07-28 13:20:26 [INFO ] [Browser] - [startBrowser] Selected Browser is: chrome
2024-07-28 13:20:28 [INFO ] [Browser] - [startBrowser] Chrome Browser is Started1457148583
2024-07-28 13:20:28 [INFO ] [Hooks] - [closeBrowser] Scenario Completed: Verify whether the user is able to register into the application by providing all the fields
2024-07-28 13:20:28 [INFO ] [Hooks] - [closeBrowser] Scenario Status is: failed
2024-07-28 13:25:17 [INFO ] [Base] - [setUp] Scenario Started: Verify whether the user is able to register into the application by providing all the fields
2024-07-28 13:25:17 [INFO ] [Browser] - [startBrowser] Selected Browser is: chrome
2024-07-28 13:25:18 [INFO ] [Browser] - [startBrowser] Chrome Browser is Started665512315
2024-07-28 13:25:18 [INFO ] [Base] - [closeBrowser] Scenario Completed: Verify whether the user is able to register into the application by providing all the fields
2024-07-28 13:25:18 [INFO ] [Base] - [closeBrowser] Scenario Status is: failed
2024-07-28 13:33:38 [INFO ] [Base] - [setUp] Scenario Started: Verify whether the user is able to register into the application by providing all the fields
2024-07-28 13:33:38 [INFO ] [Browser] - [startBrowser] Selected Browser is: chrome
2024-07-28 13:33:39 [INFO ] [Browser] - [startBrowser] Chrome Browser is Started866901553
2024-07-28 13:33:39 [INFO ] [Base] - [closeBrowser] Scenario Completed: Verify whether the user is able to register into the application by providing all the fields
2024-07-28 13:33:39 [INFO ] [Base] - [closeBrowser] Scenario Status is: failed
2024-07-28 13:42:27 [INFO ] [Base] - [setUp] Scenario Started: Verify whether the user is able to register into the application by providing all the fields
2024-07-28 13:42:27 [INFO ] [Browser] - [startBrowser] Selected Browser is: chrome
2024-07-28 13:42:29 [INFO ] [Browser] - [startBrowser] Chrome Browser is Started1871259950
2024-07-28 13:42:29 [INFO ] [Base] - [closeBrowser] Scenario Completed: Verify whether the user is able to register into the application by providing all the fields
2024-07-28 13:42:29 [INFO ] [Base] - [closeBrowser] Scenario Status is: failed
2024-07-28 14:02:19 [INFO ] [Base] - [setUp] Scenario Started: Verify whether the user is able to register into the application by providing all the fields
2024-07-28 14:02:19 [INFO ] [Browser] - [startBrowser] Selected Browser is: chrome
2024-07-28 14:02:20 [INFO ] [Browser] - [startBrowser] Chrome Browser is Started1699443392
2024-07-28 14:02:23 [INFO ] [Base] - [closeBrowser] Scenario Completed: Verify whether the user is able to register into the application by providing all the fields
2024-07-28 14:02:23 [INFO ] [Base] - [closeBrowser] Scenario Status is: PASSED
2024-07-28 17:37:12 [INFO ] [Hooks] - [setUp] Scenario Started: Verify whether the user is able to register into the application by providing all the fields
2024-07-28 17:37:12 [INFO ] [Browser] - [startBrowser] Selected Browser is: chrome
2024-07-28 17:37:14 [INFO ] [Browser] - [startBrowser] Chrome Browser is Started1818453711
2024-07-28 17:37:17 [INFO ] [Hooks] - [closeBrowser] Scenario Completed: Verify whether the user is able to register into the application by providing all the fields
2024-07-28 17:37:17 [INFO ] [Hooks] - [closeBrowser] Scenario Status is: PASSED
2024-08-10 14:13:27 [INFO ] [Hooks] - [setUp] Scenario Started: Verify whether the user is able to register into the application by providing all the fields
2024-08-10 14:13:27 [INFO ] [Browser] - [startBrowser] Selected Browser is: chrome
2024-08-10 14:13:37 [INFO ] [Browser] - [startBrowser] Chrome Browser is Started57407566
2024-08-10 14:13:40 [INFO ] [Hooks] - [closeBrowser] Scenario Completed: Verify whether the user is able to register into the application by providing all the fields
2024-08-10 14:13:40 [INFO ] [Hooks] - [closeBrowser] Scenario Status is: PASSED
2024-08-15 14:58:42 [INFO ] [Hooks] - [setUp] Scenario Started: Verify whether the user is able to register into the application by providing all the fields
2024-08-15 14:58:43 [INFO ] [Browser] - [startBrowser] Selected Browser is: chrome
2024-08-15 14:58:49 [INFO ] [Browser] - [startBrowser] Chrome Browser is Started57407566
2024-08-15 14:58:55 [INFO ] [Hooks] - [closeBrowser] Scenario Completed: Verify whether the user is able to register into the application by providing all the fields
2024-08-15 14:58:55 [INFO ] [Hooks] - [closeBrowser] Scenario Status is: PASSED
2024-08-15 15:07:37 [INFO ] [Hooks] - [setUp] Scenario Started: Verify whether the user is able to register into the application by providing all the fields
2024-08-15 15:07:37 [INFO ] [Browser] - [startBrowser] Selected Browser is: chrome
2024-08-15 15:07:39 [INFO ] [Browser] - [startBrowser] Chrome Browser is Started826690115
2024-08-15 15:07:43 [INFO ] [Hooks] - [closeBrowser] Scenario Completed: Verify whether the user is able to register into the application by providing all the fields
2024-08-15 15:07:43 [INFO ] [Hooks] - [closeBrowser] Scenario Status is: PASSED
2024-08-15 22:45:46 [INFO ] [Hooks] - [setUp] Scenario Started: Verify whether the user is not allowed to register on skipping mandatory fields
2024-08-15 22:45:46 [INFO ] [Browser] - [startBrowser] Selected Browser is: chrome
2024-08-15 22:45:49 [INFO ] [Browser] - [startBrowser] Chrome Browser is Started1041255755
2024-08-15 22:45:53 [INFO ] [Hooks] - [closeBrowser] Scenario Completed: Verify whether the user is not allowed to register on skipping mandatory fields
2024-08-15 22:45:53 [INFO ] [Hooks] - [closeBrowser] Scenario Status is: UNDEFINED
2024-08-15 23:53:31 [INFO ] [Hooks] - [setUp] Scenario Started: Verify whether the user is not allowed to register on skipping mandatory fields
2024-08-15 23:53:31 [INFO ] [Browser] - [startBrowser] Selected Browser is: chrome
2024-08-15 23:53:33 [INFO ] [Browser] - [startBrowser] Chrome Browser is Started258447256
2024-08-15 23:53:37 [INFO ] [Hooks] - [closeBrowser] Scenario Completed: Verify whether the user is not allowed to register on skipping mandatory fields
2024-08-15 23:53:37 [INFO ] [Hooks] - [closeBrowser] Scenario Status is: PASSED
2024-08-16 00:10:52 [INFO ] [Hooks] - [setUp] Scenario Started: Verify whether the user is able to register into the application by opting for Newsletter subscription
2024-08-16 00:10:52 [INFO ] [Browser] - [startBrowser] Selected Browser is: chrome
2024-08-16 00:10:54 [INFO ] [Browser] - [startBrowser] Chrome Browser is Started1210600718
2024-08-16 00:10:57 [INFO ] [Hooks] - [closeBrowser] Scenario Completed: Verify whether the user is able to register into the application by opting for Newsletter subscription
2024-08-16 00:10:57 [INFO ] [Hooks] - [closeBrowser] Scenario Status is: PASSED
2024-08-16 01:00:46 [INFO ] [Hooks] - [setUp] Scenario Started: Verify whether the user is restricted from registring a duplicate account
2024-08-16 01:00:46 [INFO ] [Browser] - [startBrowser] Selected Browser is: chrome
2024-08-16 01:00:48 [INFO ] [Browser] - [startBrowser] Chrome Browser is Started1097380
2024-08-16 01:00:53 [INFO ] [Hooks] - [closeBrowser] Scenario Completed: Verify whether the user is restricted from registring a duplicate account
2024-08-16 01:00:53 [INFO ] [Hooks] - [closeBrowser] Scenario Status is: PASSED
2024-08-16 01:04:07 [INFO ] [Hooks] - [setUp] Scenario Started: Verify whether the user is able to register into the application by providing all the fields
2024-08-16 01:04:07 [INFO ] [Browser] - [startBrowser] Selected Browser is: chrome
2024-08-16 01:04:09 [INFO ] [Browser] - [startBrowser] Chrome Browser is Started1818592781
2024-08-16 01:04:12 [INFO ] [Hooks] - [closeBrowser] Scenario Completed: Verify whether the user is able to register into the application by providing all the fields
2024-08-16 01:04:12 [INFO ] [Hooks] - [closeBrowser] Scenario Status is: PASSED
2024-08-16 01:04:12 [INFO ] [Hooks] - [setUp] Scenario Started: Verify whether the user is not allowed to register on skipping mandatory fields
2024-08-16 01:04:12 [INFO ] [Browser] - [startBrowser] Selected Browser is: chrome
2024-08-16 01:04:13 [INFO ] [Browser] - [startBrowser] Chrome Browser is Started1107218767
2024-08-16 01:04:15 [INFO ] [Hooks] - [closeBrowser] Scenario Completed: Verify whether the user is not allowed to register on skipping mandatory fields
2024-08-16 01:04:15 [INFO ] [Hooks] - [closeBrowser] Scenario Status is: PASSED
2024-08-16 01:04:15 [INFO ] [Hooks] - [setUp] Scenario Started: Verify whether the user is able to register into the application by opting for Newsletter subscription
2024-08-16 01:04:15 [INFO ] [Browser] - [startBrowser] Selected Browser is: chrome
2024-08-16 01:04:16 [INFO ] [Browser] - [startBrowser] Chrome Browser is Started246745017
2024-08-16 01:04:19 [INFO ] [Hooks] - [closeBrowser] Scenario Completed: Verify whether the user is able to register into the application by opting for Newsletter subscription
2024-08-16 01:04:19 [INFO ] [Hooks] - [closeBrowser] Scenario Status is: PASSED
2024-08-16 01:04:19 [INFO ] [Hooks] - [setUp] Scenario Started: Verify whether the user is restricted from registring a duplicate account
2024-08-16 01:04:19 [INFO ] [Browser] - [startBrowser] Selected Browser is: chrome
2024-08-16 01:04:20 [INFO ] [Browser] - [startBrowser] Chrome Browser is Started1193710204
2024-08-16 01:04:22 [INFO ] [Hooks] - [closeBrowser] Scenario Completed: Verify whether the user is restricted from registring a duplicate account
2024-08-16 01:04:22 [INFO ] [Hooks] - [closeBrowser] Scenario Status is: PASSED
2024-08-16 14:40:59 [INFO ] [Hooks] - [setUp] Scenario Started: Verify whether the User is able to search for products
2024-08-16 14:40:59 [INFO ] [Browser] - [startBrowser] Selected Browser is: chrome
2024-08-16 14:41:04 [INFO ] [Browser] - [startBrowser] Chrome Browser is Started883735648
2024-08-16 14:41:07 [INFO ] [Hooks] - [closeBrowser] Scenario Completed: Verify whether the User is able to search for products
2024-08-16 14:41:07 [INFO ] [Hooks] - [closeBrowser] Scenario Status is: UNDEFINED
2024-08-16 15:32:32 [INFO ] [Hooks] - [setUp] Scenario Started: Verify whether the User is able to search for products
2024-08-16 15:32:32 [INFO ] [Browser] - [startBrowser] Selected Browser is: chrome
2024-08-16 15:32:34 [INFO ] [Browser] - [startBrowser] Chrome Browser is Started1055300312
2024-08-16 15:32:36 [INFO ] [Hooks] - [closeBrowser] Scenario Completed: Verify whether the User is able to search for products
2024-08-16 15:32:36 [INFO ] [Hooks] - [closeBrowser] Scenario Status is: FAILED
2024-08-16 15:34:23 [INFO ] [Hooks] - [setUp] Scenario Started: Verify whether the User is able to search for products
2024-08-16 15:34:23 [INFO ] [Browser] - [startBrowser] Selected Browser is: chrome
2024-08-16 15:34:25 [INFO ] [Browser] - [startBrowser] Chrome Browser is Started1016090398
2024-08-16 15:34:26 [INFO ] [Hooks] - [closeBrowser] Scenario Completed: Verify whether the User is able to search for products
2024-08-16 15:34:26 [INFO ] [Hooks] - [closeBrowser] Scenario Status is: PASSED
2024-08-16 15:40:57 [INFO ] [Hooks] - [setUp] Scenario Started: Verify whether the User is informed when the product being searched is not available
2024-08-16 15:40:57 [INFO ] [Browser] - [startBrowser] Selected Browser is: chrome
2024-08-16 15:40:59 [INFO ] [Browser] - [startBrowser] Chrome Browser is Started1022130643
2024-08-16 15:41:02 [INFO ] [Hooks] - [closeBrowser] Scenario Completed: Verify whether the User is informed when the product being searched is not available
2024-08-16 15:41:02 [INFO ] [Hooks] - [closeBrowser] Scenario Status is: UNDEFINED
2024-08-16 16:50:27 [INFO ] [Hooks] - [setUp] Scenario Started: Verify whether the User is informed when the product being searched is not available
2024-08-16 16:50:28 [INFO ] [Browser] - [startBrowser] Selected Browser is: chrome
2024-08-16 16:50:31 [INFO ] [Browser] - [startBrowser] Chrome Browser is Started105146840
2024-08-16 16:50:35 [INFO ] [Hooks] - [closeBrowser] Scenario Completed: Verify whether the User is informed when the product being searched is not available
2024-08-16 16:50:35 [INFO ] [Hooks] - [closeBrowser] Scenario Status is: UNDEFINED
2024-08-16 16:53:13 [INFO ] [Hooks] - [setUp] Scenario Started: Verify whether the User is informed when the product being searched is not available
2024-08-16 16:53:13 [INFO ] [Browser] - [startBrowser] Selected Browser is: chrome
2024-08-16 16:53:15 [INFO ] [Browser] - [startBrowser] Chrome Browser is Started623862380
2024-08-16 16:53:16 [INFO ] [Hooks] - [closeBrowser] Scenario Completed: Verify whether the User is informed when the product being searched is not available
2024-08-16 16:53:16 [INFO ] [Hooks] - [closeBrowser] Scenario Status is: PASSED
2024-08-16 16:54:49 [INFO ] [Hooks] - [setUp] Scenario Started: Verify whether the User is able to search for products
2024-08-16 16:54:49 [INFO ] [Browser] - [startBrowser] Selected Browser is: chrome
2024-08-16 16:54:51 [INFO ] [Browser] - [startBrowser] Chrome Browser is Started1210600718
2024-08-16 16:54:52 [INFO ] [Hooks] - [closeBrowser] Scenario Completed: Verify whether the User is able to search for products
2024-08-16 16:54:52 [INFO ] [Hooks] - [closeBrowser] Scenario Status is: PASSED
2024-08-16 16:54:53 [INFO ] [Hooks] - [setUp] Scenario Started: Verify whether the User is informed when the product being searched is not available
2024-08-16 16:54:53 [INFO ] [Browser] - [startBrowser] Selected Browser is: chrome
2024-08-16 16:54:53 [INFO ] [Browser] - [startBrowser] Chrome Browser is Started430983166
2024-08-16 16:54:55 [INFO ] [Hooks] - [closeBrowser] Scenario Completed: Verify whether the User is informed when the product being searched is not available
2024-08-16 16:54:55 [INFO ] [Hooks] - [closeBrowser] Scenario Status is: PASSED
2024-08-16 16:57:49 [INFO ] [Hooks] - [setUp] Scenario Started: Verify whether the user is able to register into the application by providing all the fields
2024-08-16 16:57:49 [INFO ] [Browser] - [startBrowser] Selected Browser is: chrome
2024-08-16 16:57:51 [INFO ] [Browser] - [startBrowser] Chrome Browser is Started871989809
2024-08-16 16:57:54 [INFO ] [Hooks] - [closeBrowser] Scenario Completed: Verify whether the user is able to register into the application by providing all the fields
2024-08-16 16:57:54 [INFO ] [Hooks] - [closeBrowser] Scenario Status is: PASSED
2024-08-16 16:57:54 [INFO ] [Hooks] - [setUp] Scenario Started: Verify whether the user is not allowed to register on skipping mandatory fields
2024-08-16 16:57:54 [INFO ] [Browser] - [startBrowser] Selected Browser is: chrome
2024-08-16 16:57:55 [INFO ] [Browser] - [startBrowser] Chrome Browser is Started909516251
2024-08-16 16:57:56 [INFO ] [Hooks] - [closeBrowser] Scenario Completed: Verify whether the user is not allowed to register on skipping mandatory fields
2024-08-16 16:57:56 [INFO ] [Hooks] - [closeBrowser] Scenario Status is: PASSED
2024-08-16 16:57:57 [INFO ] [Hooks] - [setUp] Scenario Started: Verify whether the user is able to register into the application by opting for Newsletter subscription
2024-08-16 16:57:57 [INFO ] [Browser] - [startBrowser] Selected Browser is: chrome
2024-08-16 16:57:58 [INFO ] [Browser] - [startBrowser] Chrome Browser is Started971256592
2024-08-16 16:58:00 [INFO ] [Hooks] - [closeBrowser] Scenario Completed: Verify whether the user is able to register into the application by opting for Newsletter subscription
2024-08-16 16:58:00 [INFO ] [Hooks] - [closeBrowser] Scenario Status is: PASSED
2024-08-16 16:58:01 [INFO ] [Hooks] - [setUp] Scenario Started: Verify whether the user is restricted from registring a duplicate account
2024-08-16 16:58:01 [INFO ] [Browser] - [startBrowser] Selected Browser is: chrome
2024-08-16 16:58:01 [INFO ] [Browser] - [startBrowser] Chrome Browser is Started1706453768
2024-08-16 16:58:04 [INFO ] [Hooks] - [closeBrowser] Scenario Completed: Verify whether the user is restricted from registring a duplicate account
2024-08-16 16:58:04 [INFO ] [Hooks] - [closeBrowser] Scenario Status is: PASSED
2024-08-16 16:58:04 [INFO ] [Hooks] - [setUp] Scenario Started: Verify whether the User is able to search for products
2024-08-16 16:58:04 [INFO ] [Browser] - [startBrowser] Selected Browser is: chrome
2024-08-16 16:58:05 [INFO ] [Browser] - [startBrowser] Chrome Browser is Started296974277
2024-08-16 16:58:07 [INFO ] [Hooks] - [closeBrowser] Scenario Completed: Verify whether the User is able to search for products
2024-08-16 16:58:07 [INFO ] [Hooks] - [closeBrowser] Scenario Status is: PASSED
2024-08-16 16:58:07 [INFO ] [Hooks] - [setUp] Scenario Started: Verify whether the User is informed when the product being searched is not available
2024-08-16 16:58:07 [INFO ] [Browser] - [startBrowser] Selected Browser is: chrome
2024-08-16 16:58:08 [INFO ] [Browser] - [startBrowser] Chrome Browser is Started457893088
2024-08-16 16:58:09 [INFO ] [Hooks] - [closeBrowser] Scenario Completed: Verify whether the User is informed when the product being searched is not available
2024-08-16 16:58:09 [INFO ] [Hooks] - [closeBrowser] Scenario Status is: PASSED
2024-09-26 14:39:41 [INFO ] [Hooks] - [setUp] Scenario Started: Verify whether the user is able to register into the application by providing all the fields
2024-09-26 14:39:41 [INFO ] [Browser] - [startBrowser] Selected Browser is: chrome
2024-09-26 14:39:47 [INFO ] [Browser] - [startBrowser] Chrome Browser is Started1929661663
2024-09-26 14:39:55 [INFO ] [Hooks] - [closeBrowser] Scenario Completed: Verify whether the user is able to register into the application by providing all the fields
2024-09-26 14:39:55 [INFO ] [Hooks] - [closeBrowser] Scenario Status is: PASSED
2024-09-26 14:39:55 [INFO ] [Hooks] - [setUp] Scenario Started: Verify whether the user is not allowed to register on skipping mandatory fields
2024-09-26 14:39:55 [INFO ] [Browser] - [startBrowser] Selected Browser is: chrome
2024-09-26 14:39:56 [INFO ] [Browser] - [startBrowser] Chrome Browser is Started903716563
2024-09-26 14:39:59 [INFO ] [Hooks] - [closeBrowser] Scenario Completed: Verify whether the user is not allowed to register on skipping mandatory fields
2024-09-26 14:39:59 [INFO ] [Hooks] - [closeBrowser] Scenario Status is: PASSED
2024-09-26 14:39:59 [INFO ] [Hooks] - [setUp] Scenario Started: Verify whether the user is able to register into the application by opting for Newsletter subscription
2024-09-26 14:39:59 [INFO ] [Browser] - [startBrowser] Selected Browser is: chrome
2024-09-26 14:40:00 [INFO ] [Browser] - [startBrowser] Chrome Browser is Started1149508419
2024-09-26 14:40:05 [INFO ] [Hooks] - [closeBrowser] Scenario Completed: Verify whether the user is able to register into the application by opting for Newsletter subscription
2024-09-26 14:40:05 [INFO ] [Hooks] - [closeBrowser] Scenario Status is: PASSED
2024-09-26 14:40:05 [INFO ] [Hooks] - [setUp] Scenario Started: Verify whether the user is restricted from registring a duplicate account
2024-09-26 14:40:05 [INFO ] [Browser] - [startBrowser] Selected Browser is: chrome
2024-09-26 14:40:06 [INFO ] [Browser] - [startBrowser] Chrome Browser is Started1668376627
2024-09-26 14:40:09 [INFO ] [Hooks] - [closeBrowser] Scenario Completed: Verify whether the user is restricted from registring a duplicate account
2024-09-26 14:40:09 [INFO ] [Hooks] - [closeBrowser] Scenario Status is: PASSED
2024-09-27 12:19:41 [INFO ] [Hooks] - [setUp] Scenario Started: Purchase gifts for Nafisa's family within the budget
2024-09-27 12:19:41 [INFO ] [Browser] - [startBrowser] Selected Browser is: chrome
2024-09-27 12:19:46 [INFO ] [Browser] - [startBrowser] Chrome Browser is Started73608444
2024-09-27 12:19:46 [INFO ] [Hooks] - [closeBrowser] Scenario Completed: Purchase gifts for Nafisa's family within the budget
2024-09-27 12:19:46 [INFO ] [Hooks] - [closeBrowser] Scenario Status is: UNDEFINED
2024-09-27 12:23:11 [INFO ] [Hooks] - [setUp] Scenario Started: Purchase gifts for Nafisa's family within the budget
2024-09-27 12:23:11 [INFO ] [Browser] - [startBrowser] Selected Browser is: chrome
2024-09-27 12:23:13 [INFO ] [Browser] - [startBrowser] Chrome Browser is Started1997625595
2024-09-27 12:23:13 [INFO ] [Hooks] - [closeBrowser] Scenario Completed: Purchase gifts for Nafisa's family within the budget
2024-09-27 12:23:13 [INFO ] [Hooks] - [closeBrowser] Scenario Status is: UNDEFINED
2024-09-27 12:25:18 [INFO ] [Hooks] - [setUp] Scenario Started: Purchase gifts for Nafisa's family within the budget
2024-09-27 12:25:18 [INFO ] [Browser] - [startBrowser] Selected Browser is: chrome
2024-09-27 12:25:21 [INFO ] [Browser] - [startBrowser] Chrome Browser is Started7395550
2024-09-27 12:25:47 [INFO ] [Hooks] - [closeBrowser] Scenario Completed: Purchase gifts for Nafisa's family within the budget
2024-09-27 12:25:47 [INFO ] [Hooks] - [closeBrowser] Scenario Status is: FAILED
2024-09-27 12:34:08 [INFO ] [Hooks] - [setUp] Scenario Started: Purchase gifts for Nafisa's family within the budget
2024-09-27 12:34:08 [INFO ] [Browser] - [startBrowser] Selected Browser is: chrome
2024-09-27 12:34:10 [INFO ] [Browser] - [startBrowser] Chrome Browser is Started2107706203
2024-09-27 12:34:23 [INFO ] [Hooks] - [closeBrowser] Scenario Completed: Purchase gifts for Nafisa's family within the budget
2024-09-27 12:34:23 [INFO ] [Hooks] - [closeBrowser] Scenario Status is: FAILED
2024-09-27 12:39:35 [INFO ] [Hooks] - [setUp] Scenario Started: Purchase gifts for Nafisa's family within the budget
2024-09-27 12:39:35 [INFO ] [Browser] - [startBrowser] Selected Browser is: chrome
2024-09-27 12:39:38 [INFO ] [Browser] - [startBrowser] Chrome Browser is Started2107706203
2024-09-27 12:39:57 [INFO ] [Hooks] - [closeBrowser] Scenario Completed: Purchase gifts for Nafisa's family within the budget
2024-09-27 12:39:57 [INFO ] [Hooks] - [closeBrowser] Scenario Status is: FAILED
2024-09-27 12:40:22 [INFO ] [Hooks] - [setUp] Scenario Started: Purchase gifts for Nafisa's family within the budget
2024-09-27 12:40:22 [INFO ] [Browser] - [startBrowser] Selected Browser is: chrome
2024-09-27 12:40:24 [INFO ] [Browser] - [startBrowser] Chrome Browser is Started7395550
2024-09-27 12:40:41 [INFO ] [Hooks] - [closeBrowser] Scenario Completed: Purchase gifts for Nafisa's family within the budget
2024-09-27 12:40:41 [INFO ] [Hooks] - [closeBrowser] Scenario Status is: FAILED
2024-09-27 12:43:26 [INFO ] [Hooks] - [setUp] Scenario Started: Purchase gifts for Nafisa's family within the budget
2024-09-27 12:43:26 [INFO ] [Browser] - [startBrowser] Selected Browser is: chrome
2024-09-27 12:43:28 [INFO ] [Browser] - [startBrowser] Chrome Browser is Started2107706203
2024-09-27 12:43:38 [INFO ] [Hooks] - [closeBrowser] Scenario Completed: Purchase gifts for Nafisa's family within the budget
2024-09-27 12:43:38 [INFO ] [Hooks] - [closeBrowser] Scenario Status is: FAILED
2024-09-27 12:44:39 [INFO ] [Hooks] - [setUp] Scenario Started: Purchase gifts for Nafisa's family within the budget
2024-09-27 12:44:39 [INFO ] [Browser] - [startBrowser] Selected Browser is: chrome
2024-09-27 12:44:41 [INFO ] [Browser] - [startBrowser] Chrome Browser is Started98974893
2024-09-27 12:44:52 [INFO ] [Hooks] - [closeBrowser] Scenario Completed: Purchase gifts for Nafisa's family within the budget
2024-09-27 12:44:52 [INFO ] [Hooks] - [closeBrowser] Scenario Status is: FAILED
2024-09-27 12:50:02 [INFO ] [Hooks] - [setUp] Scenario Started: Purchase gifts for Nafisa's family within the budget
2024-09-27 12:50:02 [INFO ] [Browser] - [startBrowser] Selected Browser is: chrome
2024-09-27 12:50:06 [INFO ] [Browser] - [startBrowser] Chrome Browser is Started148891937
2024-09-27 12:50:16 [INFO ] [Hooks] - [closeBrowser] Scenario Completed: Purchase gifts for Nafisa's family within the budget
2024-09-27 12:50:16 [INFO ] [Hooks] - [closeBrowser] Scenario Status is: FAILED
2024-09-27 13:03:54 [INFO ] [Hooks] - [setUp] Scenario Started: Purchase gifts for Nafisa's family within the budget
2024-09-27 13:03:54 [INFO ] [Browser] - [startBrowser] Selected Browser is: chrome
2024-09-27 13:03:57 [INFO ] [Browser] - [startBrowser] Chrome Browser is Started511651343
2024-09-27 13:04:07 [INFO ] [Hooks] - [closeBrowser] Scenario Completed: Purchase gifts for Nafisa's family within the budget
2024-09-27 13:04:07 [INFO ] [Hooks] - [closeBrowser] Scenario Status is: FAILED
2024-09-27 13:04:38 [INFO ] [Hooks] - [setUp] Scenario Started: Purchase gifts for Nafisa's family within the budget
2024-09-27 13:04:38 [INFO ] [Browser] - [startBrowser] Selected Browser is: chrome
2024-09-27 13:04:41 [INFO ] [Browser] - [startBrowser] Chrome Browser is Started511651343
2024-09-27 13:04:50 [INFO ] [Hooks] - [closeBrowser] Scenario Completed: Purchase gifts for Nafisa's family within the budget
2024-09-27 13:04:50 [INFO ] [Hooks] - [closeBrowser] Scenario Status is: FAILED
2024-09-27 13:05:52 [INFO ] [Hooks] - [setUp] Scenario Started: Purchase gifts for Nafisa's family within the budget
2024-09-27 13:05:52 [INFO ] [Browser] - [startBrowser] Selected Browser is: chrome
2024-09-27 13:05:54 [INFO ] [Browser] - [startBrowser] Chrome Browser is Started1897221921
2024-09-27 13:06:02 [INFO ] [Hooks] - [closeBrowser] Scenario Completed: Purchase gifts for Nafisa's family within the budget
2024-09-27 13:06:02 [INFO ] [Hooks] - [closeBrowser] Scenario Status is: FAILED
2024-09-27 13:07:29 [INFO ] [Hooks] - [setUp] Scenario Started: Purchase gifts for Nafisa's family within the budget
2024-09-27 13:07:29 [INFO ] [Browser] - [startBrowser] Selected Browser is: chrome
2024-09-27 13:07:32 [INFO ] [Browser] - [startBrowser] Chrome Browser is Started148891937
2024-09-27 13:07:40 [INFO ] [Hooks] - [closeBrowser] Scenario Completed: Purchase gifts for Nafisa's family within the budget
2024-09-27 13:07:40 [INFO ] [Hooks] - [closeBrowser] Scenario Status is: FAILED
2024-09-27 13:20:48 [INFO ] [Hooks] - [setUp] Scenario Started: Purchase gifts for Nafisa's family within the budget
2024-09-27 13:20:48 [INFO ] [Browser] - [startBrowser] Selected Browser is: chrome
2024-09-27 13:20:51 [INFO ] [Browser] - [startBrowser] Chrome Browser is Started1205321651
2024-09-27 13:21:02 [INFO ] [Hooks] - [closeBrowser] Scenario Completed: Purchase gifts for Nafisa's family within the budget
2024-09-27 13:21:02 [INFO ] [Hooks] - [closeBrowser] Scenario Status is: FAILED
2024-09-27 13:22:50 [INFO ] [Hooks] - [setUp] Scenario Started: Purchase gifts for Nafisa's family within the budget
2024-09-27 13:22:50 [INFO ] [Browser] - [startBrowser] Selected Browser is: chrome
2024-09-27 13:22:53 [INFO ] [Browser] - [startBrowser] Chrome Browser is Started495857386
2024-09-27 13:23:27 [INFO ] [Hooks] - [closeBrowser] Scenario Completed: Purchase gifts for Nafisa's family within the budget
2024-09-27 13:23:27 [INFO ] [Hooks] - [closeBrowser] Scenario Status is: FAILED
2024-09-27 13:28:35 [INFO ] [Hooks] - [setUp] Scenario Started: Purchase gifts for Nafisa's family within the budget
2024-09-27 13:28:35 [INFO ] [Browser] - [startBrowser] Selected Browser is: chrome
2024-09-27 13:28:38 [INFO ] [Browser] - [startBrowser] Chrome Browser is Started511651343
2024-09-27 13:28:58 [INFO ] [Hooks] - [closeBrowser] Scenario Completed: Purchase gifts for Nafisa's family within the budget
2024-09-27 13:28:58 [INFO ] [Hooks] - [closeBrowser] Scenario Status is: FAILED
2024-09-27 13:31:21 [INFO ] [Hooks] - [setUp] Scenario Started: Purchase gifts for Nafisa's family within the budget
2024-09-27 13:31:21 [INFO ] [Browser] - [startBrowser] Selected Browser is: chrome
2024-09-27 13:31:24 [INFO ] [Browser] - [startBrowser] Chrome Browser is Started810196347
2024-09-27 13:31:35 [INFO ] [Hooks] - [closeBrowser] Scenario Completed: Purchase gifts for Nafisa's family within the budget
2024-09-27 13:31:35 [INFO ] [Hooks] - [closeBrowser] Scenario Status is: FAILED
2024-09-27 13:33:09 [INFO ] [Hooks] - [setUp] Scenario Started: Purchase gifts for Nafisa's family within the budget
2024-09-27 13:33:09 [INFO ] [Browser] - [startBrowser] Selected Browser is: chrome
2024-09-27 13:33:11 [INFO ] [Browser] - [startBrowser] Chrome Browser is Started715289224
2024-09-27 13:33:27 [INFO ] [Hooks] - [closeBrowser] Scenario Completed: Purchase gifts for Nafisa's family within the budget
2024-09-27 13:33:27 [INFO ] [Hooks] - [closeBrowser] Scenario Status is: FAILED
2024-09-27 13:36:48 [INFO ] [Hooks] - [setUp] Scenario Started: Purchase gifts for Nafisa's family within the budget
2024-09-27 13:36:48 [INFO ] [Browser] - [startBrowser] Selected Browser is: chrome
2024-09-27 13:36:51 [INFO ] [Browser] - [startBrowser] Chrome Browser is Started604060129
2024-09-27 13:37:05 [INFO ] [Hooks] - [closeBrowser] Scenario Completed: Purchase gifts for Nafisa's family within the budget
2024-09-27 13:37:05 [INFO ] [Hooks] - [closeBrowser] Scenario Status is: FAILED
2024-09-27 13:38:27 [INFO ] [Hooks] - [setUp] Scenario Started: Purchase gifts for Nafisa's family within the budget
2024-09-27 13:38:27 [INFO ] [Browser] - [startBrowser] Selected Browser is: chrome
2024-09-27 13:38:30 [INFO ] [Browser] - [startBrowser] Chrome Browser is Started148891937
2024-09-27 13:38:55 [INFO ] [Hooks] - [closeBrowser] Scenario Completed: Purchase gifts for Nafisa's family within the budget
2024-09-27 13:38:55 [INFO ] [Hooks] - [closeBrowser] Scenario Status is: FAILED
2024-09-27 13:43:09 [INFO ] [Hooks] - [setUp] Scenario Started: Purchase gifts for Nafisa's family within the budget
2024-09-27 13:43:09 [INFO ] [Browser] - [startBrowser] Selected Browser is: chrome
2024-09-27 13:43:11 [INFO ] [Browser] - [startBrowser] Chrome Browser is Started511651343
2024-09-27 13:43:31 [INFO ] [Hooks] - [closeBrowser] Scenario Completed: Purchase gifts for Nafisa's family within the budget
2024-09-27 13:43:31 [INFO ] [Hooks] - [closeBrowser] Scenario Status is: FAILED
2024-09-27 13:51:05 [INFO ] [Hooks] - [setUp] Scenario Started: Purchase gifts for Nafisa's family within the budget
2024-09-27 13:51:05 [INFO ] [Browser] - [startBrowser] Selected Browser is: chrome
2024-09-27 13:51:06 [INFO ] [Browser] - [startBrowser] Chrome Browser is Started715289224
2024-09-27 13:51:16 [INFO ] [Hooks] - [closeBrowser] Scenario Completed: Purchase gifts for Nafisa's family within the budget
2024-09-27 13:51:16 [INFO ] [Hooks] - [closeBrowser] Scenario Status is: FAILED
2024-09-27 13:52:51 [INFO ] [Hooks] - [setUp] Scenario Started: Purchase gifts for Nafisa's family within the budget
2024-09-27 13:52:51 [INFO ] [Browser] - [startBrowser] Selected Browser is: chrome
2024-09-27 13:52:53 [INFO ] [Browser] - [startBrowser] Chrome Browser is Started148891937
2024-09-27 13:53:05 [INFO ] [Hooks] - [closeBrowser] Scenario Completed: Purchase gifts for Nafisa's family within the budget
2024-09-27 13:53:05 [INFO ] [Hooks] - [closeBrowser] Scenario Status is: FAILED
2024-09-27 14:00:38 [INFO ] [Hooks] - [setUp] Scenario Started: Purchase gifts for Nafisa's family within the budget
2024-09-27 14:00:38 [INFO ] [Browser] - [startBrowser] Selected Browser is: chrome
2024-09-27 14:00:41 [INFO ] [Browser] - [startBrowser] Chrome Browser is Started511651343
2024-09-27 14:00:54 [INFO ] [Hooks] - [closeBrowser] Scenario Completed: Purchase gifts for Nafisa's family within the budget
2024-09-27 14:00:54 [INFO ] [Hooks] - [closeBrowser] Scenario Status is: FAILED
2024-09-27 14:02:22 [INFO ] [Hooks] - [setUp] Scenario Started: Purchase gifts for Nafisa's family within the budget
2024-09-27 14:02:22 [INFO ] [Browser] - [startBrowser] Selected Browser is: chrome
2024-09-27 14:02:25 [INFO ] [Browser] - [startBrowser] Chrome Browser is Started1897221921
2024-09-27 14:02:42 [INFO ] [Hooks] - [closeBrowser] Scenario Completed: Purchase gifts for Nafisa's family within the budget
2024-09-27 14:02:42 [INFO ] [Hooks] - [closeBrowser] Scenario Status is: FAILED
2024-09-27 14:10:56 [INFO ] [Hooks] - [setUp] Scenario Started: Purchase gifts for Nafisa's family within the budget
2024-09-27 14:10:56 [INFO ] [Browser] - [startBrowser] Selected Browser is: chrome
2024-09-27 14:10:58 [INFO ] [Browser] - [startBrowser] Chrome Browser is Started604060129
2024-09-27 14:11:14 [INFO ] [Hooks] - [closeBrowser] Scenario Completed: Purchase gifts for Nafisa's family within the budget
2024-09-27 14:11:14 [INFO ] [Hooks] - [closeBrowser] Scenario Status is: FAILED
2024-09-27 14:12:46 [INFO ] [Hooks] - [setUp] Scenario Started: Purchase gifts for Nafisa's family within the budget
2024-09-27 14:12:46 [INFO ] [Browser] - [startBrowser] Selected Browser is: chrome
2024-09-27 14:12:48 [INFO ] [Browser] - [startBrowser] Chrome Browser is Started148891937
2024-09-27 14:13:06 [INFO ] [Hooks] - [closeBrowser] Scenario Completed: Purchase gifts for Nafisa's family within the budget
2024-09-27 14:13:06 [INFO ] [Hooks] - [closeBrowser] Scenario Status is: FAILED
2024-09-27 14:16:33 [INFO ] [Hooks] - [setUp] Scenario Started: Purchase gifts for Nafisa's family within the budget
2024-09-27 14:16:33 [INFO ] [Browser] - [startBrowser] Selected Browser is: chrome
2024-09-27 14:16:35 [INFO ] [Browser] - [startBrowser] Chrome Browser is Started1897221921
2024-09-27 14:16:53 [INFO ] [Hooks] - [closeBrowser] Scenario Completed: Purchase gifts for Nafisa's family within the budget
2024-09-27 14:16:53 [INFO ] [Hooks] - [closeBrowser] Scenario Status is: FAILED
2024-09-27 14:17:57 [INFO ] [Hooks] - [setUp] Scenario Started: Purchase gifts for Nafisa's family within the budget
2024-09-27 14:17:57 [INFO ] [Browser] - [startBrowser] Selected Browser is: chrome
2024-09-27 14:17:58 [INFO ] [Browser] - [startBrowser] Chrome Browser is Started604060129
2024-09-27 14:18:16 [INFO ] [Hooks] - [closeBrowser] Scenario Completed: Purchase gifts for Nafisa's family within the budget
2024-09-27 14:18:16 [INFO ] [Hooks] - [closeBrowser] Scenario Status is: FAILED
2024-09-27 14:23:32 [INFO ] [Hooks] - [setUp] Scenario Started: Purchase gifts for Nafisa's family within the budget
2024-09-27 14:23:32 [INFO ] [Browser] - [startBrowser] Selected Browser is: chrome
2024-09-27 14:23:35 [INFO ] [Browser] - [startBrowser] Chrome Browser is Started1205321651
2024-09-27 14:23:51 [INFO ] [Hooks] - [closeBrowser] Scenario Completed: Purchase gifts for Nafisa's family within the budget
2024-09-27 14:23:51 [INFO ] [Hooks] - [closeBrowser] Scenario Status is: FAILED
2024-09-27 14:25:12 [INFO ] [Hooks] - [setUp] Scenario Started: Purchase gifts for Nafisa's family within the budget
2024-09-27 14:25:12 [INFO ] [Browser] - [startBrowser] Selected Browser is: chrome
2024-09-27 14:25:14 [INFO ] [Browser] - [startBrowser] Chrome Browser is Started604060129
2024-09-27 14:25:33 [INFO ] [Hooks] - [closeBrowser] Scenario Completed: Purchase gifts for Nafisa's family within the budget
2024-09-27 14:25:33 [INFO ] [Hooks] - [closeBrowser] Scenario Status is: FAILED
2024-09-27 14:25:54 [INFO ] [Hooks] - [setUp] Scenario Started: Purchase gifts for Nafisa's family within the budget
2024-09-27 14:25:54 [INFO ] [Browser] - [startBrowser] Selected Browser is: chrome
2024-09-27 14:25:56 [INFO ] [Browser] - [startBrowser] Chrome Browser is Started1897221921
2024-09-27 14:26:14 [INFO ] [Hooks] - [closeBrowser] Scenario Completed: Purchase gifts for Nafisa's family within the budget
2024-09-27 14:26:14 [INFO ] [Hooks] - [closeBrowser] Scenario Status is: FAILED
2024-09-27 14:27:29 [INFO ] [Hooks] - [setUp] Scenario Started: Purchase gifts for Nafisa's family within the budget
2024-09-27 14:27:29 [INFO ] [Browser] - [startBrowser] Selected Browser is: chrome
2024-09-27 14:27:30 [INFO ] [Browser] - [startBrowser] Chrome Browser is Started810196347
2024-09-27 14:27:47 [INFO ] [Hooks] - [closeBrowser] Scenario Completed: Purchase gifts for Nafisa's family within the budget
2024-09-27 14:27:47 [INFO ] [Hooks] - [closeBrowser] Scenario Status is: FAILED
2024-09-27 14:28:18 [INFO ] [Hooks] - [setUp] Scenario Started: Purchase gifts for Nafisa's family within the budget
2024-09-27 14:28:19 [INFO ] [Browser] - [startBrowser] Selected Browser is: chrome
2024-09-27 14:28:20 [INFO ] [Browser] - [startBrowser] Chrome Browser is Started495857386
2024-09-27 14:28:40 [INFO ] [Hooks] - [closeBrowser] Scenario Completed: Purchase gifts for Nafisa's family within the budget
2024-09-27 14:28:40 [INFO ] [Hooks] - [closeBrowser] Scenario Status is: FAILED
2024-09-27 14:29:49 [INFO ] [Hooks] - [setUp] Scenario Started: Purchase gifts for Nafisa's family within the budget
2024-09-27 14:29:49 [INFO ] [Browser] - [startBrowser] Selected Browser is: chrome
2024-09-27 14:29:50 [INFO ] [Browser] - [startBrowser] Chrome Browser is Started148891937
2024-09-27 14:30:04 [INFO ] [Hooks] - [closeBrowser] Scenario Completed: Purchase gifts for Nafisa's family within the budget
2024-09-27 14:30:04 [INFO ] [Hooks] - [closeBrowser] Scenario Status is: FAILED
2024-09-27 14:30:34 [INFO ] [Hooks] - [setUp] Scenario Started: Purchase gifts for Nafisa's family within the budget
2024-09-27 14:30:34 [INFO ] [Browser] - [startBrowser] Selected Browser is: chrome
2024-09-27 14:30:35 [INFO ] [Browser] - [startBrowser] Chrome Browser is Started511651343
2024-09-27 14:30:48 [INFO ] [Hooks] - [closeBrowser] Scenario Completed: Purchase gifts for Nafisa's family within the budget
2024-09-27 14:30:48 [INFO ] [Hooks] - [closeBrowser] Scenario Status is: FAILED
2024-09-27 14:31:39 [INFO ] [Hooks] - [setUp] Scenario Started: Purchase gifts for Nafisa's family within the budget
2024-09-27 14:31:39 [INFO ] [Browser] - [startBrowser] Selected Browser is: chrome
2024-09-27 14:31:40 [INFO ] [Browser] - [startBrowser] Chrome Browser is Started1617937669
2024-09-27 14:32:08 [INFO ] [Hooks] - [closeBrowser] Scenario Completed: Purchase gifts for Nafisa's family within the budget
2024-09-27 14:32:08 [INFO ] [Hooks] - [closeBrowser] Scenario Status is: FAILED
2024-09-27 14:41:10 [INFO ] [Hooks] - [setUp] Scenario Started: Purchase gifts for Nafisa's family within the budget
2024-09-27 14:41:10 [INFO ] [Browser] - [startBrowser] Selected Browser is: chrome
2024-09-27 14:41:14 [INFO ] [Browser] - [startBrowser] Chrome Browser is Started1373361892
2024-09-27 14:41:29 [INFO ] [Hooks] - [closeBrowser] Scenario Completed: Purchase gifts for Nafisa's family within the budget
2024-09-27 14:41:29 [INFO ] [Hooks] - [closeBrowser] Scenario Status is: FAILED
2024-09-27 14:42:23 [INFO ] [Hooks] - [setUp] Scenario Started: Purchase gifts for Nafisa's family within the budget
2024-09-27 14:42:23 [INFO ] [Browser] - [startBrowser] Selected Browser is: chrome
2024-09-27 14:42:25 [INFO ] [Browser] - [startBrowser] Chrome Browser is Started495857386
2024-09-27 14:42:56 [INFO ] [Hooks] - [closeBrowser] Scenario Completed: Purchase gifts for Nafisa's family within the budget
2024-09-27 14:42:56 [INFO ] [Hooks] - [closeBrowser] Scenario Status is: FAILED
2024-09-27 14:43:26 [INFO ] [Hooks] - [setUp] Scenario Started: Purchase gifts for Nafisa's family within the budget
2024-09-27 14:43:26 [INFO ] [Browser] - [startBrowser] Selected Browser is: chrome
2024-09-27 14:43:29 [INFO ] [Browser] - [startBrowser] Chrome Browser is Started495857386
2024-09-27 14:44:03 [INFO ] [Hooks] - [closeBrowser] Scenario Completed: Purchase gifts for Nafisa's family within the budget
2024-09-27 14:44:03 [INFO ] [Hooks] - [closeBrowser] Scenario Status is: FAILED
2024-09-27 14:48:25 [INFO ] [Hooks] - [setUp] Scenario Started: Purchase gifts for Nafisa's family within the budget
2024-09-27 14:48:25 [INFO ] [Browser] - [startBrowser] Selected Browser is: chrome
2024-09-27 14:48:27 [INFO ] [Browser] - [startBrowser] Chrome Browser is Started1897221921
2024-09-27 14:48:39 [INFO ] [Hooks] - [closeBrowser] Scenario Completed: Purchase gifts for Nafisa's family within the budget
2024-09-27 14:48:39 [INFO ] [Hooks] - [closeBrowser] Scenario Status is: FAILED
2024-09-27 14:49:04 [INFO ] [Hooks] - [setUp] Scenario Started: Purchase gifts for Nafisa's family within the budget
2024-09-27 14:49:04 [INFO ] [Browser] - [startBrowser] Selected Browser is: chrome
2024-09-27 14:49:05 [INFO ] [Browser] - [startBrowser] Chrome Browser is Started715289224
2024-09-27 14:49:21 [INFO ] [Hooks] - [closeBrowser] Scenario Completed: Purchase gifts for Nafisa's family within the budget
2024-09-27 14:49:21 [INFO ] [Hooks] - [closeBrowser] Scenario Status is: FAILED
2024-09-27 14:55:24 [INFO ] [Hooks] - [setUp] Scenario Started: Purchase gifts for Nafisa's family within the budget
2024-09-27 14:55:24 [INFO ] [Browser] - [startBrowser] Selected Browser is: chrome
2024-09-27 14:55:26 [INFO ] [Browser] - [startBrowser] Chrome Browser is Started148891937
2024-09-27 14:55:38 [INFO ] [Hooks] - [closeBrowser] Scenario Completed: Purchase gifts for Nafisa's family within the budget
2024-09-27 14:55:38 [INFO ] [Hooks] - [closeBrowser] Scenario Status is: FAILED
2024-09-27 14:56:03 [INFO ] [Hooks] - [setUp] Scenario Started: Purchase gifts for Nafisa's family within the budget
2024-09-27 14:56:03 [INFO ] [Browser] - [startBrowser] Selected Browser is: chrome
2024-09-27 14:56:04 [INFO ] [Browser] - [startBrowser] Chrome Browser is Started511651343
2024-09-27 14:56:25 [INFO ] [Hooks] - [closeBrowser] Scenario Completed: Purchase gifts for Nafisa's family within the budget
2024-09-27 14:56:25 [INFO ] [Hooks] - [closeBrowser] Scenario Status is: FAILED
2024-09-27 14:58:52 [INFO ] [Hooks] - [setUp] Scenario Started: Purchase gifts for Nafisa's family within the budget
2024-09-27 14:58:52 [INFO ] [Browser] - [startBrowser] Selected Browser is: chrome
2024-09-27 14:58:55 [INFO ] [Browser] - [startBrowser] Chrome Browser is Started148891937
2024-09-27 14:59:08 [INFO ] [Hooks] - [closeBrowser] Scenario Completed: Purchase gifts for Nafisa's family within the budget
2024-09-27 14:59:08 [INFO ] [Hooks] - [closeBrowser] Scenario Status is: FAILED
2024-09-27 14:59:21 [INFO ] [Hooks] - [setUp] Scenario Started: Purchase gifts for Nafisa's family within the budget
2024-09-27 14:59:21 [INFO ] [Browser] - [startBrowser] Selected Browser is: chrome
2024-09-27 14:59:23 [INFO ] [Browser] - [startBrowser] Chrome Browser is Started511651343
2024-09-27 14:59:46 [INFO ] [Hooks] - [closeBrowser] Scenario Completed: Purchase gifts for Nafisa's family within the budget
2024-09-27 14:59:46 [INFO ] [Hooks] - [closeBrowser] Scenario Status is: FAILED
2024-09-27 15:01:03 [INFO ] [Hooks] - [setUp] Scenario Started: Purchase gifts for Nafisa's family within the budget
2024-09-27 15:01:03 [INFO ] [Browser] - [startBrowser] Selected Browser is: chrome
2024-09-27 15:01:04 [INFO ] [Browser] - [startBrowser] Chrome Browser is Started1617937669
2024-09-27 15:01:16 [INFO ] [Hooks] - [closeBrowser] Scenario Completed: Purchase gifts for Nafisa's family within the budget
2024-09-27 15:01:16 [INFO ] [Hooks] - [closeBrowser] Scenario Status is: FAILED
2024-09-27 15:01:35 [INFO ] [Hooks] - [setUp] Scenario Started: Purchase gifts for Nafisa's family within the budget
2024-09-27 15:01:35 [INFO ] [Browser] - [startBrowser] Selected Browser is: chrome
2024-09-27 15:01:37 [INFO ] [Browser] - [startBrowser] Chrome Browser is Started511651343
2024-09-27 15:01:59 [INFO ] [Hooks] - [closeBrowser] Scenario Completed: Purchase gifts for Nafisa's family within the budget
2024-09-27 15:01:59 [INFO ] [Hooks] - [closeBrowser] Scenario Status is: FAILED
2024-09-27 15:03:26 [INFO ] [Hooks] - [setUp] Scenario Started: Purchase gifts for Nafisa's family within the budget
2024-09-27 15:03:26 [INFO ] [Browser] - [startBrowser] Selected Browser is: chrome
2024-09-27 15:03:28 [INFO ] [Browser] - [startBrowser] Chrome Browser is Started148891937
2024-09-27 15:03:58 [INFO ] [Hooks] - [closeBrowser] Scenario Completed: Purchase gifts for Nafisa's family within the budget
2024-09-27 15:03:58 [INFO ] [Hooks] - [closeBrowser] Scenario Status is: FAILED
2024-09-27 15:10:10 [INFO ] [Hooks] - [setUp] Scenario Started: Purchase gifts for Nafisa's family within the budget
2024-09-27 15:10:10 [INFO ] [Browser] - [startBrowser] Selected Browser is: chrome
2024-09-27 15:10:13 [INFO ] [Browser] - [startBrowser] Chrome Browser is Started715289224
2024-09-27 15:10:26 [INFO ] [Hooks] - [closeBrowser] Scenario Completed: Purchase gifts for Nafisa's family within the budget
2024-09-27 15:10:26 [INFO ] [Hooks] - [closeBrowser] Scenario Status is: FAILED
2024-09-27 15:11:03 [INFO ] [Hooks] - [setUp] Scenario Started: Purchase gifts for Nafisa's family within the budget
2024-09-27 15:11:03 [INFO ] [Browser] - [startBrowser] Selected Browser is: chrome
2024-09-27 15:11:05 [INFO ] [Browser] - [startBrowser] Chrome Browser is Started511651343
2024-09-27 15:11:18 [INFO ] [Hooks] - [closeBrowser] Scenario Completed: Purchase gifts for Nafisa's family within the budget
2024-09-27 15:11:18 [INFO ] [Hooks] - [closeBrowser] Scenario Status is: FAILED
2024-09-27 15:11:33 [INFO ] [Hooks] - [setUp] Scenario Started: Purchase gifts for Nafisa's family within the budget
2024-09-27 15:11:33 [INFO ] [Browser] - [startBrowser] Selected Browser is: chrome
2024-09-27 15:11:34 [INFO ] [Browser] - [startBrowser] Chrome Browser is Started148891937
2024-09-27 15:12:05 [INFO ] [Hooks] - [closeBrowser] Scenario Completed: Purchase gifts for Nafisa's family within the budget
2024-09-27 15:12:05 [INFO ] [Hooks] - [closeBrowser] Scenario Status is: FAILED
2024-09-27 15:17:37 [INFO ] [Hooks] - [setUp] Scenario Started: Purchase gifts for Nafisa's family within the budget
2024-09-27 15:17:37 [INFO ] [Browser] - [startBrowser] Selected Browser is: chrome
2024-09-27 15:17:39 [INFO ] [Browser] - [startBrowser] Chrome Browser is Started495857386
2024-09-27 15:17:53 [INFO ] [Hooks] - [closeBrowser] Scenario Completed: Purchase gifts for Nafisa's family within the budget
2024-09-27 15:17:53 [INFO ] [Hooks] - [closeBrowser] Scenario Status is: FAILED
2024-09-27 15:18:21 [INFO ] [Hooks] - [setUp] Scenario Started: Purchase gifts for Nafisa's family within the budget
2024-09-27 15:18:21 [INFO ] [Browser] - [startBrowser] Selected Browser is: chrome
2024-09-27 15:18:22 [INFO ] [Browser] - [startBrowser] Chrome Browser is Started511651343
2024-09-27 15:18:55 [INFO ] [Hooks] - [closeBrowser] Scenario Completed: Purchase gifts for Nafisa's family within the budget
2024-09-27 15:18:55 [INFO ] [Hooks] - [closeBrowser] Scenario Status is: FAILED
2024-09-27 15:19:09 [INFO ] [Hooks] - [setUp] Scenario Started: Purchase gifts for Nafisa's family within the budget
2024-09-27 15:19:09 [INFO ] [Browser] - [startBrowser] Selected Browser is: chrome
2024-09-27 15:19:11 [INFO ] [Browser] - [startBrowser] Chrome Browser is Started1897221921
2024-09-27 15:19:50 [INFO ] [Hooks] - [closeBrowser] Scenario Completed: Purchase gifts for Nafisa's family within the budget
2024-09-27 15:19:50 [INFO ] [Hooks] - [closeBrowser] Scenario Status is: FAILED
2024-09-27 15:21:06 [INFO ] [Hooks] - [setUp] Scenario Started: Purchase gifts for Nafisa's family within the budget
2024-09-27 15:21:06 [INFO ] [Browser] - [startBrowser] Selected Browser is: chrome
2024-09-27 15:21:07 [INFO ] [Browser] - [startBrowser] Chrome Browser is Started1897221921
2024-09-27 15:21:42 [INFO ] [Hooks] - [closeBrowser] Scenario Completed: Purchase gifts for Nafisa's family within the budget
2024-09-27 15:21:42 [INFO ] [Hooks] - [closeBrowser] Scenario Status is: FAILED
2024-09-27 15:22:53 [INFO ] [Hooks] - [setUp] Scenario Started: Purchase gifts for Nafisa's family within the budget
2024-09-27 15:22:53 [INFO ] [Browser] - [startBrowser] Selected Browser is: chrome
2024-09-27 15:22:55 [INFO ] [Browser] - [startBrowser] Chrome Browser is Started511651343
2024-09-27 15:23:09 [INFO ] [Hooks] - [closeBrowser] Scenario Completed: Purchase gifts for Nafisa's family within the budget
2024-09-27 15:23:09 [INFO ] [Hooks] - [closeBrowser] Scenario Status is: FAILED
2024-09-27 15:23:34 [INFO ] [Hooks] - [setUp] Scenario Started: Purchase gifts for Nafisa's family within the budget
2024-09-27 15:23:34 [INFO ] [Browser] - [startBrowser] Selected Browser is: chrome
2024-09-27 15:23:38 [INFO ] [Browser] - [startBrowser] Chrome Browser is Started1205321651
2024-09-27 15:24:17 [INFO ] [Hooks] - [closeBrowser] Scenario Completed: Purchase gifts for Nafisa's family within the budget
2024-09-27 15:24:17 [INFO ] [Hooks] - [closeBrowser] Scenario Status is: FAILED
2024-09-27 15:25:18 [INFO ] [Hooks] - [setUp] Scenario Started: Purchase gifts for Nafisa's family within the budget
2024-09-27 15:25:18 [INFO ] [Browser] - [startBrowser] Selected Browser is: chrome
2024-09-27 15:25:20 [INFO ] [Browser] - [startBrowser] Chrome Browser is Started148891937
2024-09-27 15:25:52 [INFO ] [Hooks] - [closeBrowser] Scenario Completed: Purchase gifts for Nafisa's family within the budget
2024-09-27 15:25:52 [INFO ] [Hooks] - [closeBrowser] Scenario Status is: FAILED
2024-09-27 15:27:29 [INFO ] [Hooks] - [setUp] Scenario Started: Purchase gifts for Nafisa's family within the budget
2024-09-27 15:27:29 [INFO ] [Browser] - [startBrowser] Selected Browser is: chrome
2024-09-27 15:27:31 [INFO ] [Browser] - [startBrowser] Chrome Browser is Started148891937
2024-09-27 15:27:45 [INFO ] [Hooks] - [closeBrowser] Scenario Completed: Purchase gifts for Nafisa's family within the budget
2024-09-27 15:27:45 [INFO ] [Hooks] - [closeBrowser] Scenario Status is: FAILED
2024-09-27 15:28:02 [INFO ] [Hooks] - [setUp] Scenario Started: Purchase gifts for Nafisa's family within the budget
2024-09-27 15:28:02 [INFO ] [Browser] - [startBrowser] Selected Browser is: chrome
2024-09-27 15:28:04 [INFO ] [Browser] - [startBrowser] Chrome Browser is Started148891937
2024-09-27 15:28:17 [INFO ] [Hooks] - [closeBrowser] Scenario Completed: Purchase gifts for Nafisa's family within the budget
2024-09-27 15:28:17 [INFO ] [Hooks] - [closeBrowser] Scenario Status is: FAILED
2024-09-27 15:28:36 [INFO ] [Hooks] - [setUp] Scenario Started: Purchase gifts for Nafisa's family within the budget
2024-09-27 15:28:36 [INFO ] [Browser] - [startBrowser] Selected Browser is: chrome
2024-09-27 15:28:38 [INFO ] [Browser] - [startBrowser] Chrome Browser is Started148891937
2024-09-27 15:28:49 [INFO ] [Hooks] - [closeBrowser] Scenario Completed: Purchase gifts for Nafisa's family within the budget
2024-09-27 15:28:49 [INFO ] [Hooks] - [closeBrowser] Scenario Status is: FAILED
2024-09-27 15:29:14 [INFO ] [Hooks] - [setUp] Scenario Started: Purchase gifts for Nafisa's family within the budget
2024-09-27 15:29:14 [INFO ] [Browser] - [startBrowser] Selected Browser is: chrome
2024-09-27 15:29:15 [INFO ] [Browser] - [startBrowser] Chrome Browser is Started604060129
2024-09-27 15:29:28 [INFO ] [Hooks] - [closeBrowser] Scenario Completed: Purchase gifts for Nafisa's family within the budget
2024-09-27 15:29:28 [INFO ] [Hooks] - [closeBrowser] Scenario Status is: FAILED
2024-09-27 15:30:05 [INFO ] [Hooks] - [setUp] Scenario Started: Purchase gifts for Nafisa's family within the budget
2024-09-27 15:30:05 [INFO ] [Browser] - [startBrowser] Selected Browser is: chrome
2024-09-27 15:30:08 [INFO ] [Browser] - [startBrowser] Chrome Browser is Started511651343
2024-09-27 15:30:48 [INFO ] [Hooks] - [closeBrowser] Scenario Completed: Purchase gifts for Nafisa's family within the budget
2024-09-27 15:30:48 [INFO ] [Hooks] - [closeBrowser] Scenario Status is: FAILED
2024-09-27 15:32:34 [INFO ] [Hooks] - [setUp] Scenario Started: Purchase gifts for Nafisa's family within the budget
2024-09-27 15:32:34 [INFO ] [Browser] - [startBrowser] Selected Browser is: chrome
2024-09-27 15:32:36 [INFO ] [Browser] - [startBrowser] Chrome Browser is Started810196347
2024-09-27 15:32:55 [INFO ] [Hooks] - [closeBrowser] Scenario Completed: Purchase gifts for Nafisa's family within the budget
2024-09-27 15:32:55 [INFO ] [Hooks] - [closeBrowser] Scenario Status is: FAILED
2024-09-27 15:39:53 [INFO ] [Hooks] - [setUp] Scenario Started: Purchase gifts for Nafisa's family within the budget
2024-09-27 15:39:53 [INFO ] [Browser] - [startBrowser] Selected Browser is: chrome
2024-09-27 15:39:55 [INFO ] [Browser] - [startBrowser] Chrome Browser is Started148891937
2024-09-27 15:41:32 [INFO ] [Hooks] - [closeBrowser] Scenario Completed: Purchase gifts for Nafisa's family within the budget
2024-09-27 15:41:32 [INFO ] [Hooks] - [closeBrowser] Scenario Status is: FAILED
2024-09-27 15:44:02 [INFO ] [Hooks] - [setUp] Scenario Started: Purchase gifts for Nafisa's family within the budget
2024-09-27 15:44:02 [INFO ] [Browser] - [startBrowser] Selected Browser is: chrome
2024-09-27 15:44:04 [INFO ] [Browser] - [startBrowser] Chrome Browser is Started148891937
2024-09-27 15:44:25 [INFO ] [Hooks] - [closeBrowser] Scenario Completed: Purchase gifts for Nafisa's family within the budget
2024-09-27 15:44:25 [INFO ] [Hooks] - [closeBrowser] Scenario Status is: FAILED
